================================================================================
ğŸ§ª WEB EVALUATION AGENT - VERBOSE REPORT
================================================================================
ğŸ“… Generated: 2025-08-01 03:29:00
ğŸŒ Target URL: http://localhost:5000
â±ï¸  Total Duration: 11.1s
ğŸ”§ Configuration: chromium | 1280x720 | Headless: Yes

ğŸ“Š EXECUTIVE SUMMARY
â”€â”€â”€â”€â”€â”€â”€â”€â”€â”€â”€â”€â”€â”€â”€â”€â”€â”€â”€â”€â”€â”€â”€â”€â”€â”€â”€â”€â”€â”€â”€â”€â”€â”€â”€â”€â”€â”€â”€â”€
âœ… Tests Passed: 2/3
âŒ Tests Failed: 1/3
ğŸ“ˆ Success Rate: 66.7%

ğŸ“‹ TEST RESULTS OVERVIEW
â”€â”€â”€â”€â”€â”€â”€â”€â”€â”€â”€â”€â”€â”€â”€â”€â”€â”€â”€â”€â”€â”€â”€â”€â”€â”€â”€â”€â”€â”€â”€â”€â”€â”€â”€â”€â”€â”€â”€â”€
 1. âœ… Homepage Navigation and Overview Test (2.3s)
 2. âŒ Contact Form Validation Test (5.7s)
     ğŸ’¥ Error: Form validation failed: Email field does not show error for invalid input
 3. âœ… Interactive Counter Functionality Test (3.1s)

ğŸ” DETAILED TEST RESULTS
================================================================================
================================================================================
ğŸ§ª WEB EVALUATION AGENT - COMPREHENSIVE TEST REPORT
================================================================================
ğŸ“… Generated: 2025-08-01 03:29:00
ğŸŒ Target URL: http://localhost:5000
â±ï¸  Total Duration: 11.1s

ğŸ“Š EXECUTIVE SUMMARY
----------------------------------------
âœ… Tests Passed: 2/3
âŒ Tests Failed: 1/3
ğŸ“ˆ Success Rate: 66.7%
ğŸ”§ Browser: chromium
ğŸ“± Viewport: 1280x720
âš¡ Headless Mode: Yes

ğŸ“‹ TEST RESULTS OVERVIEW
----------------------------------------
 1. âœ… Homepage Navigation and Overview Test (2.3s)
 2. âŒ Contact Form Validation Test (5.7s)
     ğŸ’¥ Error: Form validation failed: Email field does not show error for invalid input
 3. âœ… Interactive Counter Functionality Test (3.1s)

ğŸ” DETAILED TEST RESULTS
================================================================================

TEST 1/3: Homepage Navigation and Overview Test
------------------------------------------------------------
Status: âœ… PASSED
Duration: 2.3s
URL: http://localhost:5000

âœ… VALIDATION RESULTS:
   âœ… Homepage loads within 3 seconds
      Details: Page loaded in 1.2s
   âœ… No JavaScript console errors on page load
      Details: 0 errors detected
   âœ… All navigation links are functional
      Details: Found 5 working navigation links
   âœ… Counter value is displayed correctly
      Details: Counter shows initial value: 0
   âœ… Page title and meta information are present
      Details: Title: "Home - Web Eval Test App"

ğŸ¤– AGENT EXECUTION STEPS:
    1. Navigate to homepage at http://localhost:5000
    2. Verify page loads completely without errors
    3. Check navigation links are present and clickable
    4. Examine page structure and main content areas
    5. Test counter display functionality
    6. Validate page title and meta information

ğŸ–¥ï¸  CONSOLE LOGS (4 total):
   â„¹ï¸  INFO/DEBUG:
      â€¢ Page loaded successfully
      â€¢ Navigation initialized with 5 menu items
      â€¢ Counter component ready with initial value 0
      â€¢ Bootstrap CSS loaded successfully

ğŸŒ NETWORK ACTIVITY (4 requests):
   âœ… SUCCESSFUL REQUESTS:
      GET  â†’ 200
      GET bootstrap.min.css â†’ 200
      GET fontawesome.css â†’ 200
      GET app.js â†’ 200

ğŸ“¸ SCREENSHOTS (2 captured):
   Screenshots saved for visual verification

â±ï¸  EXECUTION TIMELINE:
   No detailed timeline available

â”€â”€â”€â”€â”€â”€â”€â”€â”€â”€â”€â”€â”€â”€â”€â”€â”€â”€â”€â”€â”€â”€â”€â”€â”€â”€â”€â”€â”€â”€â”€â”€â”€â”€â”€â”€â”€â”€â”€â”€â”€â”€â”€â”€â”€â”€â”€â”€â”€â”€â”€â”€â”€â”€â”€â”€â”€â”€â”€â”€


TEST 2/3: Contact Form Validation Test
------------------------------------------------------------
Status: âŒ FAILED
Duration: 5.7s
URL: http://localhost:5000

ğŸ’¥ ERROR DETAILS:
   Form validation failed: Email field does not show error for invalid input

âœ… VALIDATION RESULTS:
   âœ… Form accepts valid input
      Details: Valid form data accepted
   âŒ Validation errors appear for invalid input
      Details: Email validation not working properly
   âœ… Success message displays after submission
      Details: Success message shown correctly
   âŒ No console errors occur
      Details: 2 JavaScript errors detected

ğŸ¤– AGENT EXECUTION STEPS:
    1. Navigate to contact form page
    2. Fill out form with test data
    3. Test form validation with invalid email
    4. Submit form and check response
    5. Verify error handling

ğŸ–¥ï¸  CONSOLE LOGS (5 total):
   ğŸš¨ ERRORS:
      â€¢ Uncaught TypeError: Cannot read property "validate" of undefined at contact.js:45
      â€¢ Form validation library failed to load
   âš ï¸  WARNINGS:
      â€¢ Email validation function not found
   â„¹ï¸  INFO/DEBUG:
      â€¢ Contact form initialized
      â€¢ Form submitted with potentially invalid data

ğŸŒ NETWORK ACTIVITY (4 requests):
   âœ… SUCCESSFUL REQUESTS:
      GET contact â†’ 200
      POST submit â†’ 200
   âŒ FAILED REQUESTS:
      GET contact.js â†’ 404
      GET validator.js â†’ 404

ğŸ“¸ SCREENSHOTS (3 captured):
   Screenshots saved for visual verification

â±ï¸  EXECUTION TIMELINE:
   No detailed timeline available

â”€â”€â”€â”€â”€â”€â”€â”€â”€â”€â”€â”€â”€â”€â”€â”€â”€â”€â”€â”€â”€â”€â”€â”€â”€â”€â”€â”€â”€â”€â”€â”€â”€â”€â”€â”€â”€â”€â”€â”€â”€â”€â”€â”€â”€â”€â”€â”€â”€â”€â”€â”€â”€â”€â”€â”€â”€â”€â”€â”€


TEST 3/3: Interactive Counter Functionality Test
------------------------------------------------------------
Status: âœ… PASSED
Duration: 3.1s
URL: http://localhost:5000

âœ… VALIDATION RESULTS:
   âœ… Counter increments correctly
      Details: Counter increased from 0 to 5
   âœ… Counter decrements correctly
      Details: Counter decreased from 5 to 2
   âœ… Reset button works
      Details: Counter reset to 0
   âœ… State consistency maintained
      Details: No race conditions detected

ğŸ¤– AGENT EXECUTION STEPS:
    1. Navigate to counter page (/counter)
    2. Verify current counter value is displayed
    3. Click increment button 5 times
    4. Click decrement button 3 times
    5. Click reset button and verify counter resets to 0

ğŸ–¥ï¸  CONSOLE LOGS (5 total):
   â„¹ï¸  INFO/DEBUG:
      â€¢ Counter page loaded
      â€¢ Counter initialized with value: 0
      â€¢ Increment button clicked 5 times
      â€¢ Decrement button clicked 3 times
      â€¢ Reset button clicked, counter reset to 0

ğŸŒ NETWORK ACTIVITY (4 requests):
   âœ… SUCCESSFUL REQUESTS:
      GET counter â†’ 200
      POST increment â†’ 200
      POST decrement â†’ 200
      POST reset â†’ 200

ğŸ“¸ SCREENSHOTS (3 captured):
   Screenshots saved for visual verification

â±ï¸  EXECUTION TIMELINE:
   No detailed timeline available

â”€â”€â”€â”€â”€â”€â”€â”€â”€â”€â”€â”€â”€â”€â”€â”€â”€â”€â”€â”€â”€â”€â”€â”€â”€â”€â”€â”€â”€â”€â”€â”€â”€â”€â”€â”€â”€â”€â”€â”€â”€â”€â”€â”€â”€â”€â”€â”€â”€â”€â”€â”€â”€â”€â”€â”€â”€â”€â”€â”€

ğŸ¯ REPORT SUMMARY
========================================
Total Tests Executed: 3
Overall Success Rate: 66.7%
Total Execution Time: 11.1s

ğŸ“‹ For detailed analysis and visual reports, check the HTML output.
ğŸ”§ For technical support, review the console logs above.

Generated by Web Eval Agent ğŸ¤–
================================================================================

ğŸ“ˆ PERFORMANCE METRICS
â”€â”€â”€â”€â”€â”€â”€â”€â”€â”€â”€â”€â”€â”€â”€â”€â”€â”€â”€â”€â”€â”€â”€â”€â”€â”€â”€â”€â”€â”€â”€â”€â”€â”€â”€â”€â”€â”€â”€â”€
Average Test Duration: 3.7s
Longest Test: 5.7s
Shortest Test: 2.3s
Total Console Logs: 14
Total Network Requests: 12
Total Screenshots: 8

ğŸš¨ ERROR ANALYSIS
â”€â”€â”€â”€â”€â”€â”€â”€â”€â”€â”€â”€â”€â”€â”€â”€â”€â”€â”€â”€â”€â”€â”€â”€â”€â”€â”€â”€â”€â”€â”€â”€â”€â”€â”€â”€â”€â”€â”€â”€
Found 1 failed test(s):
âŒ Contact Form Validation Test:
   Error: Form validation failed: Email field does not show error for invalid input
   Console Errors: 2
     â€¢ Uncaught TypeError: Cannot read property "validate" of undefined at contact.js:45
     â€¢ Form validation library failed to load

ğŸŒ NETWORK ANALYSIS
â”€â”€â”€â”€â”€â”€â”€â”€â”€â”€â”€â”€â”€â”€â”€â”€â”€â”€â”€â”€â”€â”€â”€â”€â”€â”€â”€â”€â”€â”€â”€â”€â”€â”€â”€â”€â”€â”€â”€â”€
Total Network Requests: 12
âœ… Successful (2xx): 10
âŒ Failed (4xx/5xx): 2
ğŸ“‹ Other: 0

Request Methods:
  GET: 8
  POST: 4

ğŸ–¥ï¸  CONSOLE LOG ANALYSIS
â”€â”€â”€â”€â”€â”€â”€â”€â”€â”€â”€â”€â”€â”€â”€â”€â”€â”€â”€â”€â”€â”€â”€â”€â”€â”€â”€â”€â”€â”€â”€â”€â”€â”€â”€â”€â”€â”€â”€â”€
Total Console Logs: 14
â„¹ï¸ LOG: 7
â„¹ï¸ INFO: 4
ğŸš¨ ERROR: 2
âš ï¸ WARN: 1

ğŸ¯ RECOMMENDATIONS
â”€â”€â”€â”€â”€â”€â”€â”€â”€â”€â”€â”€â”€â”€â”€â”€â”€â”€â”€â”€â”€â”€â”€â”€â”€â”€â”€â”€â”€â”€â”€â”€â”€â”€â”€â”€â”€â”€â”€â”€
ğŸ”§ Consider investigating failed tests to improve overall success rate
ğŸš¨ Found 2 console errors - review and fix JavaScript issues
ğŸŒ Found 2 failed network requests - check API endpoints

ğŸ¯ REPORT SUMMARY
â•â•â•â•â•â•â•â•â•â•â•â•â•â•â•â•â•â•â•â•â•â•â•â•â•â•â•â•â•â•â•â•â•â•â•â•â•â•â•â•
Total Tests Executed: 3
Overall Success Rate: 66.7%
Total Execution Time: 11.1s

ğŸ“‹ This verbose report contains all available details and analysis.
ğŸ”§ For technical support, review the detailed sections above.

Generated by Web Eval Agent ğŸ¤–
================================================================================

