====================================================================================================
ğŸ§ª WEB EVALUATION AGENT - MULTI-AGENT TEST REPORT
====================================================================================================
ğŸ“… Generated: 2025-08-01 13:40:43
ğŸŒ Target URL: http://localhost:5000
â±ï¸  Total Duration: 6.3s
ğŸ¤– Agents Used: 1
ğŸ”§ Configuration: chromium | 1280x720 | Headless

ğŸ¤– AI ANALYSIS SUMMARY
----------------------------------------
ğŸ”´ Overall Status: Critical issues found that need immediate attention
ğŸ” Total Issues Found: 1

ğŸ“Š SEVERITY BREAKDOWN
----------------------------------------
ğŸ”´ High Severity: 1 issues
ğŸŸ  Medium Severity: 0 issues
ğŸŸ¡ Low Severity: 0 issues

ğŸ”´ HIGH SEVERITY ISSUES
----------------------------------------
1. ACCESSIBILITY
   The page failed to load at http://localhost:5000/. This prevents users from accessing any content or functionality.

ğŸ“Š EXECUTIVE SUMMARY
----------------------------------------
âœ… Tests Passed: 0/4
âŒ Tests Failed: 4/4
ğŸ“ˆ Success Rate: 0.0%
ğŸ¤– Multi-Agent Mode: 1 agents
ğŸ” Scout Mode: Enabled
âš¡ Parallel Execution: Enabled

ğŸ“‹ TEST RESULTS OVERVIEW
----------------------------------------
 1. âŒ Test Objective (1.6s)
     ğŸ’¥ Error: Issues found during testing
 2. âŒ Test Scenarios (1.6s)
     ğŸ’¥ Error: Issues found during testing
 3. âŒ Success Criteria (1.6s)
     ğŸ’¥ Error: Issues found during testing
 4. âŒ Notes (1.6s)
     ğŸ’¥ Error: Issues found during testing

ğŸ” DETAILED TEST RESULTS
================================================================================

TEST 1/4: Test Objective
------------------------------------------------------------
Status: âŒ FAILED
Duration: 1.6s
URL: http://localhost:5000

ğŸ’¥ ERROR DETAILS:
   Issues found during testing

âœ… VALIDATION RESULTS:
   âŒ Unknown validation

ğŸ¤– AGENT EXECUTION STEPS:
    1. The page failed to load. The specific error is that the page at http://localhost:5000/ is unavailable.

ğŸ–¥ï¸  CONSOLE LOGS (0 total):
   No console logs captured

ğŸŒ NETWORK ACTIVITY (0 requests):
   No network requests captured

â±ï¸  EXECUTION TIMELINE:
   No detailed timeline available

â”€â”€â”€â”€â”€â”€â”€â”€â”€â”€â”€â”€â”€â”€â”€â”€â”€â”€â”€â”€â”€â”€â”€â”€â”€â”€â”€â”€â”€â”€â”€â”€â”€â”€â”€â”€â”€â”€â”€â”€â”€â”€â”€â”€â”€â”€â”€â”€â”€â”€â”€â”€â”€â”€â”€â”€â”€â”€â”€â”€


TEST 2/4: Test Scenarios
------------------------------------------------------------
Status: âŒ FAILED
Duration: 1.6s
URL: http://localhost:5000

ğŸ’¥ ERROR DETAILS:
   Issues found during testing

âœ… VALIDATION RESULTS:
   âŒ Unknown validation

ğŸ¤– AGENT EXECUTION STEPS:
   ğŸ“ 1. Navigate â†’ Target URL
   ğŸ Flow completed successfully.

ğŸ–¥ï¸  CONSOLE LOGS (0 total):
   No console logs captured

ğŸŒ NETWORK ACTIVITY (0 requests):
   No network requests captured

â±ï¸  EXECUTION TIMELINE:
   No detailed timeline available

â”€â”€â”€â”€â”€â”€â”€â”€â”€â”€â”€â”€â”€â”€â”€â”€â”€â”€â”€â”€â”€â”€â”€â”€â”€â”€â”€â”€â”€â”€â”€â”€â”€â”€â”€â”€â”€â”€â”€â”€â”€â”€â”€â”€â”€â”€â”€â”€â”€â”€â”€â”€â”€â”€â”€â”€â”€â”€â”€â”€


TEST 3/4: Success Criteria
------------------------------------------------------------
Status: âŒ FAILED
Duration: 1.6s
URL: http://localhost:5000

ğŸ’¥ ERROR DETAILS:
   Issues found during testing

âœ… VALIDATION RESULTS:
   âŒ Unknown validation

ğŸ¤– AGENT EXECUTION STEPS:
   ğŸ“ 1. Navigate â†’ Target URL
   ğŸ Flow completed successfully.

ğŸ–¥ï¸  CONSOLE LOGS (0 total):
   No console logs captured

ğŸŒ NETWORK ACTIVITY (0 requests):
   No network requests captured

â±ï¸  EXECUTION TIMELINE:
   No detailed timeline available

â”€â”€â”€â”€â”€â”€â”€â”€â”€â”€â”€â”€â”€â”€â”€â”€â”€â”€â”€â”€â”€â”€â”€â”€â”€â”€â”€â”€â”€â”€â”€â”€â”€â”€â”€â”€â”€â”€â”€â”€â”€â”€â”€â”€â”€â”€â”€â”€â”€â”€â”€â”€â”€â”€â”€â”€â”€â”€â”€â”€


TEST 4/4: Notes
------------------------------------------------------------
Status: âŒ FAILED
Duration: 1.6s
URL: http://localhost:5000

ğŸ’¥ ERROR DETAILS:
   Issues found during testing

âœ… VALIDATION RESULTS:
   âŒ Unknown validation

ğŸ¤– AGENT EXECUTION STEPS:
   ğŸ“ 1. Navigate â†’ Target URL
   ğŸ Flow completed successfully.

ğŸ–¥ï¸  CONSOLE LOGS (0 total):
   No console logs captured

ğŸŒ NETWORK ACTIVITY (0 requests):
   No network requests captured

â±ï¸  EXECUTION TIMELINE:
   No detailed timeline available

â”€â”€â”€â”€â”€â”€â”€â”€â”€â”€â”€â”€â”€â”€â”€â”€â”€â”€â”€â”€â”€â”€â”€â”€â”€â”€â”€â”€â”€â”€â”€â”€â”€â”€â”€â”€â”€â”€â”€â”€â”€â”€â”€â”€â”€â”€â”€â”€â”€â”€â”€â”€â”€â”€â”€â”€â”€â”€â”€â”€

ğŸ¯ REPORT SUMMARY
========================================
Total Tests Executed: 4
Overall Success Rate: 0.0%
Total Execution Time: 6.3s

ğŸ“‹ For detailed analysis and visual reports, check the HTML output.
ğŸ”§ For technical support, review the console logs above.

Generated by Web Eval Agent ğŸ¤–
================================================================================